2023-10-29 22:18:09 INFO  Main:188 - –ü–æ–¥–∫–ª—é—á–µ–Ω–∏–µ –∫ –ë–î —É—Å–ø–µ—à–Ω–æ –≤—ã–ø–æ–ª–Ω–µ–Ω–æ
2023-10-29 22:18:13 INFO  Main:114 - –ó–∞–ø–∏—Å–∏ –±—ã–ª–∏ –ø—Ä–æ—Å–º–æ—Ç—Ä–µ–Ω—ã
2023-10-29 22:18:20 INFO  Main:114 - –ó–∞–ø–∏—Å–∏ –±—ã–ª–∏ –ø—Ä–æ—Å–º–æ—Ç—Ä–µ–Ω—ã
2023-10-29 22:18:27 INFO  Main:99 - –ë—ã–ª–∞ –¥–æ–±–∞–≤–ª–µ–Ω–∞ –Ω–æ–≤–∞—è –∑–∞–ø–∏—Å—å –≤ —Ñ–∞–π–ª
2023-10-29 22:18:32 INFO  Main:99 - –ë—ã–ª–∞ –¥–æ–±–∞–≤–ª–µ–Ω–∞ –Ω–æ–≤–∞—è –∑–∞–ø–∏—Å—å –≤ —Ñ–∞–π–ª
2023-10-29 22:18:34 INFO  Main:114 - –ó–∞–ø–∏—Å–∏ –±—ã–ª–∏ –ø—Ä–æ—Å–º–æ—Ç—Ä–µ–Ω—ã
2023-10-29 22:18:41 INFO  Main:119 - –í—ã–ø–æ–ª–Ω–µ–Ω–∞ –≥–µ–Ω–µ—Ä–∞—Ü–∏—è PDF –¥–æ–∫—É–º–µ–Ω—Ç–∞
2023-10-29 22:20:39 INFO  Main:188 - –ü–æ–¥–∫–ª—é—á–µ–Ω–∏–µ –∫ –ë–î —É—Å–ø–µ—à–Ω–æ –≤—ã–ø–æ–ª–Ω–µ–Ω–æ
2023-10-29 22:20:45 INFO  Main:119 - –í—ã–ø–æ–ª–Ω–µ–Ω–∞ –≥–µ–Ω–µ—Ä–∞—Ü–∏—è PDF –¥–æ–∫—É–º–µ–Ω—Ç–∞
2023-10-29 22:21:06 INFO  Main:188 - –ü–æ–¥–∫–ª—é—á–µ–Ω–∏–µ –∫ –ë–î —É—Å–ø–µ—à–Ω–æ –≤—ã–ø–æ–ª–Ω–µ–Ω–æ
2023-10-29 22:21:13 INFO  Main:119 - –í—ã–ø–æ–ª–Ω–µ–Ω–∞ –≥–µ–Ω–µ—Ä–∞—Ü–∏—è PDF –¥–æ–∫—É–º–µ–Ω—Ç–∞
2023-10-29 22:21:32 INFO  Main:188 - –ü–æ–¥–∫–ª—é—á–µ–Ω–∏–µ –∫ –ë–î —É—Å–ø–µ—à–Ω–æ –≤—ã–ø–æ–ª–Ω–µ–Ω–æ
2023-10-29 22:21:37 INFO  Main:188 - –ü–æ–¥–∫–ª—é—á–µ–Ω–∏–µ –∫ –ë–î —É—Å–ø–µ—à–Ω–æ –≤—ã–ø–æ–ª–Ω–µ–Ω–æ
2023-10-29 22:21:41 INFO  Main:119 - –í—ã–ø–æ–ª–Ω–µ–Ω–∞ –≥–µ–Ω–µ—Ä–∞—Ü–∏—è PDF –¥–æ–∫—É–º–µ–Ω—Ç–∞
2023-10-29 22:21:52 WARN  PDPageContentStream:129 - You are overwriting an existing content, you should use the append mode
2023-10-29 22:21:55 INFO  Main:188 - –ü–æ–¥–∫–ª—é—á–µ–Ω–∏–µ –∫ –ë–î —É—Å–ø–µ—à–Ω–æ –≤—ã–ø–æ–ª–Ω–µ–Ω–æ
2023-10-29 22:22:01 INFO  Main:119 - –í—ã–ø–æ–ª–Ω–µ–Ω–∞ –≥–µ–Ω–µ—Ä–∞—Ü–∏—è PDF –¥–æ–∫—É–º–µ–Ω—Ç–∞
2023-10-29 22:22:30 INFO  Main:188 - –ü–æ–¥–∫–ª—é—á–µ–Ω–∏–µ –∫ –ë–î —É—Å–ø–µ—à–Ω–æ –≤—ã–ø–æ–ª–Ω–µ–Ω–æ
2023-10-29 22:22:38 INFO  Main:188 - –ü–æ–¥–∫–ª—é—á–µ–Ω–∏–µ –∫ –ë–î —É—Å–ø–µ—à–Ω–æ –≤—ã–ø–æ–ª–Ω–µ–Ω–æ
2023-10-29 22:22:42 INFO  Main:119 - –í—ã–ø–æ–ª–Ω–µ–Ω–∞ –≥–µ–Ω–µ—Ä–∞—Ü–∏—è PDF –¥–æ–∫—É–º–µ–Ω—Ç–∞
2023-10-29 22:23:47 INFO  Main:188 - –ü–æ–¥–∫–ª—é—á–µ–Ω–∏–µ –∫ –ë–î —É—Å–ø–µ—à–Ω–æ –≤—ã–ø–æ–ª–Ω–µ–Ω–æ
2023-10-29 22:23:55 INFO  Main:188 - –ü–æ–¥–∫–ª—é—á–µ–Ω–∏–µ –∫ –ë–î —É—Å–ø–µ—à–Ω–æ –≤—ã–ø–æ–ª–Ω–µ–Ω–æ
2023-10-29 22:24:00 INFO  Main:119 - –í—ã–ø–æ–ª–Ω–µ–Ω–∞ –≥–µ–Ω–µ—Ä–∞—Ü–∏—è PDF –¥–æ–∫—É–º–µ–Ω—Ç–∞
2023-10-29 22:25:05 INFO  Main:188 - –ü–æ–¥–∫–ª—é—á–µ–Ω–∏–µ –∫ –ë–î —É—Å–ø–µ—à–Ω–æ –≤—ã–ø–æ–ª–Ω–µ–Ω–æ
2023-10-29 22:25:12 INFO  Main:119 - –í—ã–ø–æ–ª–Ω–µ–Ω–∞ –≥–µ–Ω–µ—Ä–∞—Ü–∏—è PDF –¥–æ–∫—É–º–µ–Ω—Ç–∞
2023-10-29 22:25:17 WARN  PDPageContentStream:129 - You are overwriting an existing content, you should use the append mode
2023-10-29 22:25:20 INFO  Main:188 - –ü–æ–¥–∫–ª—é—á–µ–Ω–∏–µ –∫ –ë–î —É—Å–ø–µ—à–Ω–æ –≤—ã–ø–æ–ª–Ω–µ–Ω–æ
2023-10-29 22:25:24 INFO  Main:119 - –í—ã–ø–æ–ª–Ω–µ–Ω–∞ –≥–µ–Ω–µ—Ä–∞—Ü–∏—è PDF –¥–æ–∫—É–º–µ–Ω—Ç–∞
2023-10-29 22:26:37 INFO  Main:188 - –ü–æ–¥–∫–ª—é—á–µ–Ω–∏–µ –∫ –ë–î —É—Å–ø–µ—à–Ω–æ –≤—ã–ø–æ–ª–Ω–µ–Ω–æ
2023-10-29 22:26:38 INFO  Main:188 - –ü–æ–¥–∫–ª—é—á–µ–Ω–∏–µ –∫ –ë–î —É—Å–ø–µ—à–Ω–æ –≤—ã–ø–æ–ª–Ω–µ–Ω–æ
2023-10-29 22:26:42 INFO  Main:119 - –í—ã–ø–æ–ª–Ω–µ–Ω–∞ –≥–µ–Ω–µ—Ä–∞—Ü–∏—è PDF –¥–æ–∫—É–º–µ–Ω—Ç–∞
2023-10-29 22:26:48 WARN  PDPageContentStream:129 - You are overwriting an existing content, you should use the append mode
2023-10-29 22:26:55 INFO  Main:188 - –ü–æ–¥–∫–ª—é—á–µ–Ω–∏–µ –∫ –ë–î —É—Å–ø–µ—à–Ω–æ –≤—ã–ø–æ–ª–Ω–µ–Ω–æ
2023-10-29 22:26:59 INFO  Main:119 - –í—ã–ø–æ–ª–Ω–µ–Ω–∞ –≥–µ–Ω–µ—Ä–∞—Ü–∏—è PDF –¥–æ–∫—É–º–µ–Ω—Ç–∞
2023-10-29 22:27:57 INFO  Main:188 - –ü–æ–¥–∫–ª—é—á–µ–Ω–∏–µ –∫ –ë–î —É—Å–ø–µ—à–Ω–æ –≤—ã–ø–æ–ª–Ω–µ–Ω–æ
2023-10-29 22:28:26 INFO  Main:189 - –ü–æ–¥–∫–ª—é—á–µ–Ω–∏–µ –∫ –ë–î —É—Å–ø–µ—à–Ω–æ –≤—ã–ø–æ–ª–Ω–µ–Ω–æ
2023-10-29 22:33:10 INFO  Main:189 - –ü–æ–¥–∫–ª—é—á–µ–Ω–∏–µ –∫ –ë–î —É—Å–ø–µ—à–Ω–æ –≤—ã–ø–æ–ª–Ω–µ–Ω–æ
2023-10-29 22:33:15 INFO  Main:189 - –ü–æ–¥–∫–ª—é—á–µ–Ω–∏–µ –∫ –ë–î —É—Å–ø–µ—à–Ω–æ –≤—ã–ø–æ–ª–Ω–µ–Ω–æ
2023-10-29 22:33:24 INFO  Main:115 - –ó–∞–ø–∏—Å–∏ –±—ã–ª–∏ –ø—Ä–æ—Å–º–æ—Ç—Ä–µ–Ω—ã
2023-10-29 22:33:27 INFO  Main:120 - –í—ã–ø–æ–ª–Ω–µ–Ω–∞ –≥–µ–Ω–µ—Ä–∞—Ü–∏—è PDF –¥–æ–∫—É–º–µ–Ω—Ç–∞
2023-10-29 22:35:49 INFO  Main:189 - –ü–æ–¥–∫–ª—é—á–µ–Ω–∏–µ –∫ –ë–î —É—Å–ø–µ—à–Ω–æ –≤—ã–ø–æ–ª–Ω–µ–Ω–æ
2023-10-29 22:35:53 INFO  Main:120 - –í—ã–ø–æ–ª–Ω–µ–Ω–∞ –≥–µ–Ω–µ—Ä–∞—Ü–∏—è PDF –¥–æ–∫—É–º–µ–Ω—Ç–∞
2023-10-29 22:36:14 INFO  Main:189 - –ü–æ–¥–∫–ª—é—á–µ–Ω–∏–µ –∫ –ë–î —É—Å–ø–µ—à–Ω–æ –≤—ã–ø–æ–ª–Ω–µ–Ω–æ
2023-10-29 22:37:17 INFO  Main:120 - –í—ã–ø–æ–ª–Ω–µ–Ω–∞ –≥–µ–Ω–µ—Ä–∞—Ü–∏—è PDF –¥–æ–∫—É–º–µ–Ω—Ç–∞
2023-10-29 22:37:28 INFO  Main:189 - –ü–æ–¥–∫–ª—é—á–µ–Ω–∏–µ –∫ –ë–î —É—Å–ø–µ—à–Ω–æ –≤—ã–ø–æ–ª–Ω–µ–Ω–æ
2023-10-29 22:37:31 INFO  Main:120 - –í—ã–ø–æ–ª–Ω–µ–Ω–∞ –≥–µ–Ω–µ—Ä–∞—Ü–∏—è PDF –¥–æ–∫—É–º–µ–Ω—Ç–∞
2023-10-29 22:37:36 WARN  PDPageContentStream:129 - You are overwriting an existing content, you should use the append mode
2023-10-29 22:37:41 INFO  Main:189 - –ü–æ–¥–∫–ª—é—á–µ–Ω–∏–µ –∫ –ë–î —É—Å–ø–µ—à–Ω–æ –≤—ã–ø–æ–ª–Ω–µ–Ω–æ
2023-10-29 22:37:44 INFO  Main:120 - –í—ã–ø–æ–ª–Ω–µ–Ω–∞ –≥–µ–Ω–µ—Ä–∞—Ü–∏—è PDF –¥–æ–∫—É–º–µ–Ω—Ç–∞
2023-10-29 22:38:14 INFO  Main:189 - –ü–æ–¥–∫–ª—é—á–µ–Ω–∏–µ –∫ –ë–î —É—Å–ø–µ—à–Ω–æ –≤—ã–ø–æ–ª–Ω–µ–Ω–æ
2023-10-29 22:38:20 INFO  Main:189 - –ü–æ–¥–∫–ª—é—á–µ–Ω–∏–µ –∫ –ë–î —É—Å–ø–µ—à–Ω–æ –≤—ã–ø–æ–ª–Ω–µ–Ω–æ
2023-10-29 22:38:24 INFO  Main:120 - –í—ã–ø–æ–ª–Ω–µ–Ω–∞ –≥–µ–Ω–µ—Ä–∞—Ü–∏—è PDF –¥–æ–∫—É–º–µ–Ω—Ç–∞
2023-10-29 22:58:46 INFO  Main:188 - –ü–æ–¥–∫–ª—é—á–µ–Ω–∏–µ –∫ –ë–î —É—Å–ø–µ—à–Ω–æ –≤—ã–ø–æ–ª–Ω–µ–Ω–æ
2023-10-29 22:58:50 INFO  Main:119 - –í—ã–ø–æ–ª–Ω–µ–Ω–∞ –≥–µ–Ω–µ—Ä–∞—Ü–∏—è PDF –¥–æ–∫—É–º–µ–Ω—Ç–∞
2023-10-29 22:58:59 INFO  Main:114 - –ó–∞–ø–∏—Å–∏ –±—ã–ª–∏ –ø—Ä–æ—Å–º–æ—Ç—Ä–µ–Ω—ã
2023-10-29 22:59:15 INFO  Main:99 - –ë—ã–ª–∞ –¥–æ–±–∞–≤–ª–µ–Ω–∞ –Ω–æ–≤–∞—è –∑–∞–ø–∏—Å—å –≤ —Ñ–∞–π–ª
2023-10-29 22:59:27 INFO  Main:104 - –ó–∞–ø–∏—Å—å –±—ã–ª–∞ —É–¥–∞–ª–µ–Ω–∞ –∏–∑ —Ñ–∞–π–ª–∞
2023-10-29 22:59:34 INFO  Main:204 - –í—ã–ø–æ–ª–Ω–µ–Ω SELECT –∑–∞–ø—Ä–æ—Å
2023-10-29 22:59:34 INFO  Main:128 - –ó–∞–ø–∏—Å–∏ –≤—ã–≥—Ä—É–∂–µ–Ω—ã –∏–∑ –ë–î
2023-10-29 22:59:36 INFO  Main:114 - –ó–∞–ø–∏—Å–∏ –±—ã–ª–∏ –ø—Ä–æ—Å–º–æ—Ç—Ä–µ–Ω—ã
2023-10-30 13:38:59 INFO  Main:188 - –ü–æ–¥–∫–ª—é—á–µ–Ω–∏–µ –∫ –ë–î —É—Å–ø–µ—à–Ω–æ –≤—ã–ø–æ–ª–Ω–µ–Ω–æ
2023-10-30 13:39:26 INFO  Main:99 - –ë—ã–ª–∞ –¥–æ–±–∞–≤–ª–µ–Ω–∞ –Ω–æ–≤–∞—è –∑–∞–ø–∏—Å—å –≤ —Ñ–∞–π–ª
2023-10-30 13:39:30 INFO  Main:114 - –ó–∞–ø–∏—Å–∏ –±—ã–ª–∏ –ø—Ä–æ—Å–º–æ—Ç—Ä–µ–Ω—ã
2023-10-30 13:39:52 INFO  Main:145 - –ü—Ä–æ–≥—Ä–∞–º–º–∞ –∑–∞–≤–µ—Ä—à–∏–ª–∞ —Ä–∞–±–æ—Ç—É
2023-10-30 13:39:56 INFO  Main:188 - –ü–æ–¥–∫–ª—é—á–µ–Ω–∏–µ –∫ –ë–î —É—Å–ø–µ—à–Ω–æ –≤—ã–ø–æ–ª–Ω–µ–Ω–æ
2023-10-30 13:45:53 INFO  Main:188 - –ü–æ–¥–∫–ª—é—á–µ–Ω–∏–µ –∫ –ë–î —É—Å–ø–µ—à–Ω–æ –≤—ã–ø–æ–ª–Ω–µ–Ω–æ
2023-10-30 13:45:59 INFO  Main:204 - –í—ã–ø–æ–ª–Ω–µ–Ω SELECT –∑–∞–ø—Ä–æ—Å
2023-10-30 13:45:59 INFO  Main:128 - –ó–∞–ø–∏—Å–∏ –≤—ã–≥—Ä—É–∂–µ–Ω—ã –∏–∑ –ë–î
2023-10-30 13:46:00 INFO  Main:114 - –ó–∞–ø–∏—Å–∏ –±—ã–ª–∏ –ø—Ä–æ—Å–º–æ—Ç—Ä–µ–Ω—ã
2023-10-30 13:46:06 INFO  Main:119 - –í—ã–ø–æ–ª–Ω–µ–Ω–∞ –≥–µ–Ω–µ—Ä–∞—Ü–∏—è PDF –¥–æ–∫—É–º–µ–Ω—Ç–∞
2023-11-01 19:07:47 INFO  Main:188 - œÓ‰ÍÎ˛˜ÂÌËÂ Í ¡ƒ ÛÒÔÂ¯ÌÓ ‚˚ÔÓÎÌÂÌÓ
2023-11-01 19:08:45 INFO  Main:188 - –ü–æ–¥–∫–ª—é—á–µ–Ω–∏–µ –∫ –ë–î —É—Å–ø–µ—à–Ω–æ –≤—ã–ø–æ–ª–Ω–µ–Ω–æ
2023-11-01 19:08:52 INFO  Main:114 - –ó–∞–ø–∏—Å–∏ –±—ã–ª–∏ –ø—Ä–æ—Å–º–æ—Ç—Ä–µ–Ω—ã
2023-11-01 19:09:03 INFO  Main:99 - –ë—ã–ª–∞ –¥–æ–±–∞–≤–ª–µ–Ω–∞ –Ω–æ–≤–∞—è –∑–∞–ø–∏—Å—å –≤ —Ñ–∞–π–ª
2023-11-01 19:09:09 INFO  Main:145 - –ü—Ä–æ–≥—Ä–∞–º–º–∞ –∑–∞–≤–µ—Ä—à–∏–ª–∞ —Ä–∞–±–æ—Ç—É
2023-11-01 19:09:17 INFO  Main:188 - –ü–æ–¥–∫–ª—é—á–µ–Ω–∏–µ –∫ –ë–î —É—Å–ø–µ—à–Ω–æ –≤—ã–ø–æ–ª–Ω–µ–Ω–æ
2023-11-01 19:09:22 INFO  Main:114 - –ó–∞–ø–∏—Å–∏ –±—ã–ª–∏ –ø—Ä–æ—Å–º–æ—Ç—Ä–µ–Ω—ã
2023-11-01 19:09:40 WARN  FileSystemFontProvider:607 - New fonts found, font cache will be re-built
2023-11-01 19:09:40 WARN  FileSystemFontProvider:360 - Building on-disk font cache, this may take a while
2023-11-01 19:09:42 WARN  FileSystemFontProvider:363 - Finished building on-disk font cache, found 461 fonts
2023-11-01 19:09:43 INFO  Main:119 - –í—ã–ø–æ–ª–Ω–µ–Ω–∞ –≥–µ–Ω–µ—Ä–∞—Ü–∏—è PDF –¥–æ–∫—É–º–µ–Ω—Ç–∞
2023-11-01 20:42:51 INFO  Main:188 - –ü–æ–¥–∫–ª—é—á–µ–Ω–∏–µ –∫ –ë–î —É—Å–ø–µ—à–Ω–æ –≤—ã–ø–æ–ª–Ω–µ–Ω–æ
2023-11-01 20:56:39 INFO  Main:188 - –ü–æ–¥–∫–ª—é—á–µ–Ω–∏–µ –∫ –ë–î —É—Å–ø–µ—à–Ω–æ –≤—ã–ø–æ–ª–Ω–µ–Ω–æ
2023-11-01 20:56:47 INFO  Main:119 - –í—ã–ø–æ–ª–Ω–µ–Ω–∞ –≥–µ–Ω–µ—Ä–∞—Ü–∏—è PDF –¥–æ–∫—É–º–µ–Ω—Ç–∞
2023-11-01 20:57:30 INFO  Main:188 - –ü–æ–¥–∫–ª—é—á–µ–Ω–∏–µ –∫ –ë–î —É—Å–ø–µ—à–Ω–æ –≤—ã–ø–æ–ª–Ω–µ–Ω–æ
2023-11-01 20:57:34 INFO  Main:119 - –í—ã–ø–æ–ª–Ω–µ–Ω–∞ –≥–µ–Ω–µ—Ä–∞—Ü–∏—è PDF –¥–æ–∫—É–º–µ–Ω—Ç–∞
2023-11-01 20:57:57 INFO  Main:188 - –ü–æ–¥–∫–ª—é—á–µ–Ω–∏–µ –∫ –ë–î —É—Å–ø–µ—à–Ω–æ –≤—ã–ø–æ–ª–Ω–µ–Ω–æ
2023-11-01 20:58:03 INFO  Main:119 - –í—ã–ø–æ–ª–Ω–µ–Ω–∞ –≥–µ–Ω–µ—Ä–∞—Ü–∏—è PDF –¥–æ–∫—É–º–µ–Ω—Ç–∞
2023-11-01 21:01:53 INFO  Main:188 - –ü–æ–¥–∫–ª—é—á–µ–Ω–∏–µ –∫ –ë–î —É—Å–ø–µ—à–Ω–æ –≤—ã–ø–æ–ª–Ω–µ–Ω–æ
2023-11-01 21:02:13 INFO  Main:99 - –ë—ã–ª–∞ –¥–æ–±–∞–≤–ª–µ–Ω–∞ –Ω–æ–≤–∞—è –∑–∞–ø–∏—Å—å –≤ —Ñ–∞–π–ª
2023-11-01 21:02:17 INFO  Main:114 - –ó–∞–ø–∏—Å–∏ –±—ã–ª–∏ –ø—Ä–æ—Å–º–æ—Ç—Ä–µ–Ω—ã
2023-11-01 21:02:26 INFO  Main:137 - –ó–∞–ø–∏—Å–∏ –∑–∞–≥—Ä—É–∂–µ–Ω—ã –≤ –ë–î
2023-11-01 21:02:27 INFO  Main:140 - –í–æ–∑–Ω–∏–∫–ª–∞ –æ—à–∏–±–∫–∞ –ø—Ä–∏ –∑–∞–≥—Ä—É–∑–∫–µ –¥–∞–Ω–Ω—ã—Ö –≤ –ë–î
2023-11-01 21:07:54 INFO  Main:188 - –ü–æ–¥–∫–ª—é—á–µ–Ω–∏–µ –∫ –ë–î –Ω–µ –≤—ã–ø–æ–ª–Ω–µ–Ω–æ
2023-11-01 21:12:24 INFO  Main:188 - –ü–æ–¥–∫–ª—é—á–µ–Ω–∏–µ –∫ –ë–î –Ω–µ –≤—ã–ø–æ–ª–Ω–µ–Ω–æ
2023-11-01 21:13:10 INFO  Main:188 - –ü–æ–¥–∫–ª—é—á–µ–Ω–∏–µ –∫ –ë–î –Ω–µ –≤—ã–ø–æ–ª–Ω–µ–Ω–æ
2023-11-01 21:17:01 INFO  Main:188 - –ü–æ–¥–∫–ª—é—á–µ–Ω–∏–µ –∫ –ë–î –Ω–µ –≤—ã–ø–æ–ª–Ω–µ–Ω–æ
2023-11-01 21:18:20 INFO  Main:188 - –ü–æ–¥–∫–ª—é—á–µ–Ω–∏–µ –∫ –ë–î —É—Å–ø–µ—à–Ω–æ –≤—ã–ø–æ–ª–Ω–µ–Ω–æ
2023-11-01 21:18:30 INFO  Main:137 - –ó–∞–ø–∏—Å–∏ –∑–∞–≥—Ä—É–∂–µ–Ω—ã –≤ –ë–î
2023-11-01 21:18:30 INFO  Main:140 - –í–æ–∑–Ω–∏–∫–ª–∞ –æ—à–∏–±–∫–∞ –ø—Ä–∏ –∑–∞–≥—Ä—É–∑–∫–µ –¥–∞–Ω–Ω—ã—Ö –≤ –ë–î
2023-11-01 21:20:43 INFO  Main:188 - –ü–æ–¥–∫–ª—é—á–µ–Ω–∏–µ –∫ –ë–î —É—Å–ø–µ—à–Ω–æ –≤—ã–ø–æ–ª–Ω–µ–Ω–æ
2023-11-01 21:20:46 INFO  Main:137 - –ó–∞–ø–∏—Å–∏ –∑–∞–≥—Ä—É–∂–µ–Ω—ã –≤ –ë–î
2023-11-01 21:20:46 INFO  Main:140 - –í–æ–∑–Ω–∏–∫–ª–∞ –æ—à–∏–±–∫–∞ –ø—Ä–∏ –∑–∞–≥—Ä—É–∑–∫–µ –¥–∞–Ω–Ω—ã—Ö –≤ –ë–î
2023-11-01 21:23:08 INFO  Main:188 - –ü–æ–¥–∫–ª—é—á–µ–Ω–∏–µ –∫ –ë–î —É—Å–ø–µ—à–Ω–æ –≤—ã–ø–æ–ª–Ω–µ–Ω–æ
2023-11-01 21:23:11 INFO  Main:114 - –ó–∞–ø–∏—Å–∏ –±—ã–ª–∏ –ø—Ä–æ—Å–º–æ—Ç—Ä–µ–Ω—ã
2023-11-01 21:23:16 INFO  Main:137 - –ó–∞–ø–∏—Å–∏ –∑–∞–≥—Ä—É–∂–µ–Ω—ã –≤ –ë–î
2023-11-01 21:23:16 INFO  Main:140 - –í–æ–∑–Ω–∏–∫–ª–∞ –æ—à–∏–±–∫–∞ –ø—Ä–∏ –∑–∞–≥—Ä—É–∑–∫–µ –¥–∞–Ω–Ω—ã—Ö –≤ –ë–î
2023-11-01 21:25:57 INFO  Main:188 - –ü–æ–¥–∫–ª—é—á–µ–Ω–∏–µ –∫ –ë–î —É—Å–ø–µ—à–Ω–æ –≤—ã–ø–æ–ª–Ω–µ–Ω–æ
2023-11-01 21:26:01 INFO  Main:137 - –ó–∞–ø–∏—Å–∏ –∑–∞–≥—Ä—É–∂–µ–Ω—ã –≤ –ë–î
2023-11-01 21:26:01 INFO  Main:140 - –í–æ–∑–Ω–∏–∫–ª–∞ –æ—à–∏–±–∫–∞ –ø—Ä–∏ –∑–∞–≥—Ä—É–∑–∫–µ –¥–∞–Ω–Ω—ã—Ö –≤ –ë–î
2023-11-01 21:28:52 INFO  Main:188 - –ü–æ–¥–∫–ª—é—á–µ–Ω–∏–µ –∫ –ë–î —É—Å–ø–µ—à–Ω–æ –≤—ã–ø–æ–ª–Ω–µ–Ω–æ
2023-11-01 21:28:55 INFO  Main:137 - –ó–∞–ø–∏—Å–∏ –∑–∞–≥—Ä—É–∂–µ–Ω—ã –≤ –ë–î
2023-11-01 21:28:56 INFO  Main:212 - –î–∞–Ω–Ω—ã–µ –±—ã–ª–∏ –æ—á–∏—â–µ–Ω—ã –ø–µ—Ä–µ–¥ –∑–∞–≥—Ä—É–∑–∫–æ–π –∏–∑ –ë–î. Consumer_id_seq –±—ã–ª –æ–±–Ω–æ–≤–ª—ë–Ω
2023-11-01 21:29:08 INFO  Main:204 - –í—ã–ø–æ–ª–Ω–µ–Ω SELECT –∑–∞–ø—Ä–æ—Å
2023-11-01 21:29:08 INFO  Main:128 - –ó–∞–ø–∏—Å–∏ –≤—ã–≥—Ä—É–∂–µ–Ω—ã –∏–∑ –ë–î
2023-11-01 21:29:12 INFO  Main:145 - –ü—Ä–æ–≥—Ä–∞–º–º–∞ –∑–∞–≤–µ—Ä—à–∏–ª–∞ —Ä–∞–±–æ—Ç—É
2023-11-01 21:37:26 INFO  Main:188 - –ü–æ–¥–∫–ª—é—á–µ–Ω–∏–µ –∫ –ë–î —É—Å–ø–µ—à–Ω–æ –≤—ã–ø–æ–ª–Ω–µ–Ω–æ
2023-11-01 21:37:50 INFO  Main:99 - –ë—ã–ª–∞ –¥–æ–±–∞–≤–ª–µ–Ω–∞ –Ω–æ–≤–∞—è –∑–∞–ø–∏—Å—å –≤ —Ñ–∞–π–ª
2023-11-01 21:37:53 INFO  Main:137 - –ó–∞–ø–∏—Å–∏ –∑–∞–≥—Ä—É–∂–µ–Ω—ã –≤ –ë–î
2023-11-01 21:37:53 INFO  Main:212 - –î–∞–Ω–Ω—ã–µ –±—ã–ª–∏ –æ—á–∏—â–µ–Ω—ã –ø–µ—Ä–µ–¥ –∑–∞–≥—Ä—É–∑–∫–æ–π –∏–∑ –ë–î. Consumer_id_seq –±—ã–ª –æ–±–Ω–æ–≤–ª—ë–Ω
2023-11-01 21:37:59 INFO  Main:204 - –í—ã–ø–æ–ª–Ω–µ–Ω SELECT –∑–∞–ø—Ä–æ—Å
2023-11-01 21:37:59 INFO  Main:128 - –ó–∞–ø–∏—Å–∏ –≤—ã–≥—Ä—É–∂–µ–Ω—ã –∏–∑ –ë–î
2023-11-01 21:40:08 INFO  Main:188 - –ü–æ–¥–∫–ª—é—á–µ–Ω–∏–µ –∫ –ë–î —É—Å–ø–µ—à–Ω–æ –≤—ã–ø–æ–ª–Ω–µ–Ω–æ
2023-11-01 21:40:19 INFO  Main:204 - –í—ã–ø–æ–ª–Ω–µ–Ω SELECT –∑–∞–ø—Ä–æ—Å
2023-11-01 21:40:19 INFO  Main:128 - –ó–∞–ø–∏—Å–∏ –≤—ã–≥—Ä—É–∂–µ–Ω—ã –∏–∑ –ë–î
2023-11-01 21:44:47 INFO  Main:189 - –ü–æ–¥–∫–ª—é—á–µ–Ω–∏–µ –∫ –ë–î —É—Å–ø–µ—à–Ω–æ –≤—ã–ø–æ–ª–Ω–µ–Ω–æ
2023-11-01 21:44:52 INFO  Main:205 - –í—ã–ø–æ–ª–Ω–µ–Ω SELECT –∑–∞–ø—Ä–æ—Å
2023-11-01 21:44:52 INFO  Main:128 - –ó–∞–ø–∏—Å–∏ –≤—ã–≥—Ä—É–∂–µ–Ω—ã –∏–∑ –ë–î
2023-11-01 21:44:52 INFO  Main:205 - –í—ã–ø–æ–ª–Ω–µ–Ω SELECT –∑–∞–ø—Ä–æ—Å
2023-11-01 21:46:23 INFO  Main:189 - –ü–æ–¥–∫–ª—é—á–µ–Ω–∏–µ –∫ –ë–î —É—Å–ø–µ—à–Ω–æ –≤—ã–ø–æ–ª–Ω–µ–Ω–æ
2023-11-01 21:46:26 INFO  Main:205 - –í—ã–ø–æ–ª–Ω–µ–Ω SELECT –∑–∞–ø—Ä–æ—Å
2023-11-01 21:46:26 INFO  Main:128 - –ó–∞–ø–∏—Å–∏ –≤—ã–≥—Ä—É–∂–µ–Ω—ã –∏–∑ –ë–î
2023-11-01 21:48:56 INFO  Main:189 - –ü–æ–¥–∫–ª—é—á–µ–Ω–∏–µ –∫ –ë–î —É—Å–ø–µ—à–Ω–æ –≤—ã–ø–æ–ª–Ω–µ–Ω–æ
2023-11-01 21:49:31 INFO  Main:189 - –ü–æ–¥–∫–ª—é—á–µ–Ω–∏–µ –∫ –ë–î —É—Å–ø–µ—à–Ω–æ –≤—ã–ø–æ–ª–Ω–µ–Ω–æ
2023-11-01 21:49:40 INFO  Main:99 - –ë—ã–ª–∞ –¥–æ–±–∞–≤–ª–µ–Ω–∞ –Ω–æ–≤–∞—è –∑–∞–ø–∏—Å—å –≤ —Ñ–∞–π–ª
2023-11-01 21:52:07 INFO  Main:189 - –ü–æ–¥–∫–ª—é—á–µ–Ω–∏–µ –∫ –ë–î —É—Å–ø–µ—à–Ω–æ –≤—ã–ø–æ–ª–Ω–µ–Ω–æ
2023-11-01 21:55:28 INFO  Main:189 - –ü–æ–¥–∫–ª—é—á–µ–Ω–∏–µ –∫ –ë–î —É—Å–ø–µ—à–Ω–æ –≤—ã–ø–æ–ª–Ω–µ–Ω–æ
2023-11-01 21:56:13 INFO  Main:189 - –ü–æ–¥–∫–ª—é—á–µ–Ω–∏–µ –∫ –ë–î —É—Å–ø–µ—à–Ω–æ –≤—ã–ø–æ–ª–Ω–µ–Ω–æ
2023-11-06 10:44:26 INFO  Main:189 - –ü–æ–¥–∫–ª—é—á–µ–Ω–∏–µ –∫ –ë–î —É—Å–ø–µ—à–Ω–æ –≤—ã–ø–æ–ª–Ω–µ–Ω–æ
2023-11-06 10:44:33 INFO  Main:114 - –ó–∞–ø–∏—Å–∏ –±—ã–ª–∏ –ø—Ä–æ—Å–º–æ—Ç—Ä–µ–Ω—ã
2023-11-06 10:45:01 INFO  Main:189 - –ü–æ–¥–∫–ª—é—á–µ–Ω–∏–µ –∫ –ë–î —É—Å–ø–µ—à–Ω–æ –≤—ã–ø–æ–ª–Ω–µ–Ω–æ
2023-11-06 10:45:29 INFO  Main:205 - –í—ã–ø–æ–ª–Ω–µ–Ω SELECT –∑–∞–ø—Ä–æ—Å
2023-11-06 10:45:29 INFO  Main:128 - –ó–∞–ø–∏—Å–∏ –≤—ã–≥—Ä—É–∂–µ–Ω—ã –∏–∑ –ë–î
2023-11-06 10:47:26 INFO  Main:189 - –ü–æ–¥–∫–ª—é—á–µ–Ω–∏–µ –∫ –ë–î —É—Å–ø–µ—à–Ω–æ –≤—ã–ø–æ–ª–Ω–µ–Ω–æ
2023-11-06 10:47:43 INFO  Main:99 - –ë—ã–ª–∞ –¥–æ–±–∞–≤–ª–µ–Ω–∞ –Ω–æ–≤–∞—è –∑–∞–ø–∏—Å—å –≤ —Ñ–∞–π–ª
2023-11-06 10:47:47 INFO  Main:114 - –ó–∞–ø–∏—Å–∏ –±—ã–ª–∏ –ø—Ä–æ—Å–º–æ—Ç—Ä–µ–Ω—ã
2023-11-06 10:47:52 INFO  Main:138 - –ó–∞–ø–∏—Å–∏ –∑–∞–≥—Ä—É–∂–µ–Ω—ã –≤ –ë–î
2023-11-06 10:47:52 INFO  Main:213 - –î–∞–Ω–Ω—ã–µ –±—ã–ª–∏ –æ—á–∏—â–µ–Ω—ã –ø–µ—Ä–µ–¥ –∑–∞–≥—Ä—É–∑–∫–æ–π –∏–∑ –ë–î. Consumer_id_seq –±—ã–ª –æ–±–Ω–æ–≤–ª—ë–Ω
2023-11-06 10:48:39 INFO  Main:104 - –ó–∞–ø–∏—Å—å –±—ã–ª–∞ —É–¥–∞–ª–µ–Ω–∞ –∏–∑ —Ñ–∞–π–ª–∞
2023-11-06 10:48:58 INFO  Main:104 - –ó–∞–ø–∏—Å—å –±—ã–ª–∞ —É–¥–∞–ª–µ–Ω–∞ –∏–∑ —Ñ–∞–π–ª–∞
2023-11-06 10:49:01 INFO  Main:138 - –ó–∞–ø–∏—Å–∏ –∑–∞–≥—Ä—É–∂–µ–Ω—ã –≤ –ë–î
2023-11-06 10:49:01 INFO  Main:213 - –î–∞–Ω–Ω—ã–µ –±—ã–ª–∏ –æ—á–∏—â–µ–Ω—ã –ø–µ—Ä–µ–¥ –∑–∞–≥—Ä—É–∑–∫–æ–π –∏–∑ –ë–î. Consumer_id_seq –±—ã–ª –æ–±–Ω–æ–≤–ª—ë–Ω
2023-12-23 13:19:23 INFO  Main:189 - –ü–æ–¥–∫–ª—é—á–µ–Ω–∏–µ –∫ –ë–î —É—Å–ø–µ—à–Ω–æ –≤—ã–ø–æ–ª–Ω–µ–Ω–æ
2023-12-23 13:20:13 INFO  Main:114 - –ó–∞–ø–∏—Å–∏ –±—ã–ª–∏ –ø—Ä–æ—Å–º–æ—Ç—Ä–µ–Ω—ã
2023-12-23 13:20:24 INFO  Main:205 - –í—ã–ø–æ–ª–Ω–µ–Ω SELECT –∑–∞–ø—Ä–æ—Å
2023-12-23 13:20:24 INFO  Main:128 - –ó–∞–ø–∏—Å–∏ –≤—ã–≥—Ä—É–∂–µ–Ω—ã –∏–∑ –ë–î
2023-12-23 13:20:38 INFO  Main:138 - –ó–∞–ø–∏—Å–∏ –∑–∞–≥—Ä—É–∂–µ–Ω—ã –≤ –ë–î
2023-12-23 13:20:38 INFO  Main:213 - –î–∞–Ω–Ω—ã–µ –±—ã–ª–∏ –æ—á–∏—â–µ–Ω—ã –ø–µ—Ä–µ–¥ –∑–∞–≥—Ä—É–∑–∫–æ–π –∏–∑ –ë–î. Consumer_id_seq –±—ã–ª –æ–±–Ω–æ–≤–ª—ë–Ω
2023-12-23 13:20:41 INFO  Main:205 - –í—ã–ø–æ–ª–Ω–µ–Ω SELECT –∑–∞–ø—Ä–æ—Å
2023-12-23 13:20:41 INFO  Main:128 - –ó–∞–ø–∏—Å–∏ –≤—ã–≥—Ä—É–∂–µ–Ω—ã –∏–∑ –ë–î
2023-12-23 13:20:47 WARN  FileSystemFontProvider:607 - New fonts found, font cache will be re-built
2023-12-23 13:20:47 WARN  FileSystemFontProvider:360 - Building on-disk font cache, this may take a while
2023-12-23 13:20:48 WARN  FileSystemFontProvider:363 - Finished building on-disk font cache, found 563 fonts
2023-12-23 13:31:15 INFO  Main:189 - –ü–æ–¥–∫–ª—é—á–µ–Ω–∏–µ –∫ –ë–î —É—Å–ø–µ—à–Ω–æ –≤—ã–ø–æ–ª–Ω–µ–Ω–æ
2023-12-23 13:31:20 INFO  Main:114 - –ó–∞–ø–∏—Å–∏ –±—ã–ª–∏ –ø—Ä–æ—Å–º–æ—Ç—Ä–µ–Ω—ã
2023-12-23 13:31:29 INFO  Main:205 - –í—ã–ø–æ–ª–Ω–µ–Ω SELECT –∑–∞–ø—Ä–æ—Å
2023-12-23 13:31:29 INFO  Main:128 - –ó–∞–ø–∏—Å–∏ –≤—ã–≥—Ä—É–∂–µ–Ω—ã –∏–∑ –ë–î
2023-12-23 13:42:08 INFO  Main:189 - –ü–æ–¥–∫–ª—é—á–µ–Ω–∏–µ –∫ –ë–î —É—Å–ø–µ—à–Ω–æ –≤—ã–ø–æ–ª–Ω–µ–Ω–æ
2023-12-23 13:42:14 INFO  Main:114 - –ó–∞–ø–∏—Å–∏ –±—ã–ª–∏ –ø—Ä–æ—Å–º–æ—Ç—Ä–µ–Ω—ã
2023-12-23 13:42:22 INFO  Main:205 - –í—ã–ø–æ–ª–Ω–µ–Ω SELECT –∑–∞–ø—Ä–æ—Å
2023-12-23 13:42:22 INFO  Main:128 - –ó–∞–ø–∏—Å–∏ –∑–∞–≥—Ä—É–∂–µ–Ω—ã –∏–∑ –ë–î
2023-12-23 13:42:38 INFO  Main:119 - –í—ã–ø–æ–ª–Ω–µ–Ω–∞ –≥–µ–Ω–µ—Ä–∞—Ü–∏—è PDF –¥–æ–∫—É–º–µ–Ω—Ç–∞
2023-12-24 00:45:48 INFO  Main:189 - –ü–æ–¥–∫–ª—é—á–µ–Ω–∏–µ –∫ –ë–î —É—Å–ø–µ—à–Ω–æ –≤—ã–ø–æ–ª–Ω–µ–Ω–æ
2023-12-24 00:46:06 INFO  Main:189 - –ü–æ–¥–∫–ª—é—á–µ–Ω–∏–µ –∫ –ë–î —É—Å–ø–µ—à–Ω–æ –≤—ã–ø–æ–ª–Ω–µ–Ω–æ
2023-12-24 00:46:42 INFO  Main:99 - –ë—ã–ª–∞ –¥–æ–±–∞–≤–ª–µ–Ω–∞ –Ω–æ–≤–∞—è –∑–∞–ø–∏—Å—å –≤ —Ñ–∞–π–ª
2023-12-24 00:47:06 INFO  Main:99 - –ë—ã–ª–∞ –¥–æ–±–∞–≤–ª–µ–Ω–∞ –Ω–æ–≤–∞—è –∑–∞–ø–∏—Å—å –≤ —Ñ–∞–π–ª
2023-12-24 00:47:35 INFO  Main:109 - –û–¥–Ω–∞ –∏–∑ –∑–∞–ø–∏—Å–µ–π –≤ —Ñ–∞–π–ª–µ –±—ã–ª–∞ –æ—Ç—Ä–µ–¥–∞–∫–∏—Ç—Ä–æ–≤–∞–Ω–∞
2023-12-24 00:47:40 INFO  Main:114 - –ó–∞–ø–∏—Å–∏ –±—ã–ª–∏ –ø—Ä–æ—Å–º–æ—Ç—Ä–µ–Ω—ã
2023-12-24 00:48:36 WARN  FileSystemFontProvider:607 - New fonts found, font cache will be re-built
2023-12-24 00:48:36 WARN  FileSystemFontProvider:360 - Building on-disk font cache, this may take a while
2023-12-24 00:48:38 WARN  FileSystemFontProvider:363 - Finished building on-disk font cache, found 411 fonts
2023-12-24 00:48:39 INFO  Main:119 - –í—ã–ø–æ–ª–Ω–µ–Ω–∞ –≥–µ–Ω–µ—Ä–∞—Ü–∏—è PDF –¥–æ–∫—É–º–µ–Ω—Ç–∞
2023-12-24 00:49:05 INFO  Main:104 - –ó–∞–ø–∏—Å—å –±—ã–ª–∞ —É–¥–∞–ª–µ–Ω–∞ –∏–∑ —Ñ–∞–π–ª–∞
2023-12-24 00:49:08 INFO  Main:114 - –ó–∞–ø–∏—Å–∏ –±—ã–ª–∏ –ø—Ä–æ—Å–º–æ—Ç—Ä–µ–Ω—ã
2023-12-24 00:49:21 INFO  Main:104 - –ó–∞–ø–∏—Å—å –±—ã–ª–∞ —É–¥–∞–ª–µ–Ω–∞ –∏–∑ —Ñ–∞–π–ª–∞
2023-12-24 00:49:25 WARN  PDPageContentStream:129 - You are overwriting an existing content, you should use the append mode
2023-12-24 00:49:31 INFO  Main:189 - –ü–æ–¥–∫–ª—é—á–µ–Ω–∏–µ –∫ –ë–î —É—Å–ø–µ—à–Ω–æ –≤—ã–ø–æ–ª–Ω–µ–Ω–æ
2023-12-24 00:49:51 INFO  Main:132 - –í–æ–∑–Ω–∏–∫–ª–∞ –æ—à–∏–±–∫–∞ –ø—Ä–∏ –≤—ã–≥—Ä—É–∑–∫–µ –¥–∞–Ω–Ω—ã—Ö –∏–∑ –ë–î
2023-12-24 00:52:46 INFO  Main:189 - –ü–æ–¥–∫–ª—é—á–µ–Ω–∏–µ –∫ –ë–î —É—Å–ø–µ—à–Ω–æ –≤—ã–ø–æ–ª–Ω–µ–Ω–æ
2023-12-24 00:52:52 INFO  Main:205 - –í—ã–ø–æ–ª–Ω–µ–Ω SELECT –∑–∞–ø—Ä–æ—Å
2023-12-24 00:52:52 INFO  Main:128 - –ó–∞–ø–∏—Å–∏ –∑–∞–≥—Ä—É–∂–µ–Ω—ã –∏–∑ –ë–î
2023-12-24 00:53:47 INFO  Main:189 - –ü–æ–¥–∫–ª—é—á–µ–Ω–∏–µ –∫ –ë–î —É—Å–ø–µ—à–Ω–æ –≤—ã–ø–æ–ª–Ω–µ–Ω–æ
2023-12-24 00:53:56 INFO  Main:138 - –ó–∞–ø–∏—Å–∏ –≤—ã–≥—Ä—É–∂–µ–Ω—ã –≤ –ë–î
2023-12-24 00:53:56 INFO  Main:141 - –í–æ–∑–Ω–∏–∫–ª–∞ –æ—à–∏–±–∫–∞ –ø—Ä–∏ –∑–∞–≥—Ä—É–∑–∫–µ –¥–∞–Ω–Ω—ã—Ö –≤ –ë–î
2023-12-24 00:55:09 INFO  Main:189 - –ü–æ–¥–∫–ª—é—á–µ–Ω–∏–µ –∫ –ë–î —É—Å–ø–µ—à–Ω–æ –≤—ã–ø–æ–ª–Ω–µ–Ω–æ
2023-12-24 00:55:14 INFO  Main:138 - –ó–∞–ø–∏—Å–∏ –≤—ã–≥—Ä—É–∂–µ–Ω—ã –≤ –ë–î
2023-12-24 00:55:14 INFO  Main:212 - –î–∞–Ω–Ω—ã–µ –±—ã–ª–∏ –æ—á–∏—â–µ–Ω—ã –ø–µ—Ä–µ–¥ –∑–∞–≥—Ä—É–∑–∫–æ–π –∏–∑ –ë–î. –ò–¥–µ–Ω—Ç–∏—Ñ–∏–∫–∞—Ç–æ—Ä—ã —Å–±—Ä–æ—à–µ–Ω—ã
2023-12-24 00:55:14 INFO  Main:141 - –í–æ–∑–Ω–∏–∫–ª–∞ –æ—à–∏–±–∫–∞ –ø—Ä–∏ –∑–∞–≥—Ä—É–∑–∫–µ –¥–∞–Ω–Ω—ã—Ö –≤ –ë–î
2023-12-24 00:55:30 INFO  Main:189 - –ü–æ–¥–∫–ª—é—á–µ–Ω–∏–µ –∫ –ë–î —É—Å–ø–µ—à–Ω–æ –≤—ã–ø–æ–ª–Ω–µ–Ω–æ
2023-12-24 00:55:50 INFO  Main:205 - –í—ã–ø–æ–ª–Ω–µ–Ω SELECT –∑–∞–ø—Ä–æ—Å
2023-12-24 00:55:50 INFO  Main:128 - –ó–∞–ø–∏—Å–∏ –∑–∞–≥—Ä—É–∂–µ–Ω—ã –∏–∑ –ë–î
2023-12-24 00:55:55 INFO  Main:138 - –ó–∞–ø–∏—Å–∏ –≤—ã–≥—Ä—É–∂–µ–Ω—ã –≤ –ë–î
2023-12-24 00:55:55 INFO  Main:212 - –î–∞–Ω–Ω—ã–µ –±—ã–ª–∏ –æ—á–∏—â–µ–Ω—ã –ø–µ—Ä–µ–¥ –∑–∞–≥—Ä—É–∑–∫–æ–π –∏–∑ –ë–î. –ò–¥–µ–Ω—Ç–∏—Ñ–∏–∫–∞—Ç–æ—Ä—ã —Å–±—Ä–æ—à–µ–Ω—ã
2023-12-24 00:55:55 INFO  Main:141 - –í–æ–∑–Ω–∏–∫–ª–∞ –æ—à–∏–±–∫–∞ –ø—Ä–∏ –∑–∞–≥—Ä—É–∑–∫–µ –¥–∞–Ω–Ω—ã—Ö –≤ –ë–î
2023-12-24 00:57:42 INFO  Main:189 - –ü–æ–¥–∫–ª—é—á–µ–Ω–∏–µ –∫ –ë–î —É—Å–ø–µ—à–Ω–æ –≤—ã–ø–æ–ª–Ω–µ–Ω–æ
2023-12-24 00:57:46 INFO  Main:138 - –ó–∞–ø–∏—Å–∏ –≤—ã–≥—Ä—É–∂–µ–Ω—ã –≤ –ë–î
2023-12-24 00:57:46 INFO  Main:212 - –î–∞–Ω–Ω—ã–µ –±—ã–ª–∏ –æ—á–∏—â–µ–Ω—ã –ø–µ—Ä–µ–¥ –∑–∞–≥—Ä—É–∑–∫–æ–π –∏–∑ –ë–î. –ò–¥–µ–Ω—Ç–∏—Ñ–∏–∫–∞—Ç–æ—Ä—ã —Å–±—Ä–æ—à–µ–Ω—ã
2023-12-24 00:57:46 INFO  Main:141 - –í–æ–∑–Ω–∏–∫–ª–∞ –æ—à–∏–±–∫–∞ –ø—Ä–∏ –∑–∞–≥—Ä—É–∑–∫–µ –¥–∞–Ω–Ω—ã—Ö –≤ –ë–î
2023-12-24 01:00:01 INFO  Main:189 - –ü–æ–¥–∫–ª—é—á–µ–Ω–∏–µ –∫ –ë–î —É—Å–ø–µ—à–Ω–æ –≤—ã–ø–æ–ª–Ω–µ–Ω–æ
2023-12-24 01:00:05 INFO  Main:138 - –ó–∞–ø–∏—Å–∏ –≤—ã–≥—Ä—É–∂–µ–Ω—ã –≤ –ë–î
2023-12-24 01:00:05 INFO  Main:214 - –î–∞–Ω–Ω—ã–µ –±—ã–ª–∏ –æ—á–∏—â–µ–Ω—ã –ø–µ—Ä–µ–¥ –∑–∞–≥—Ä—É–∑–∫–æ–π –∏–∑ –ë–î. –ò–¥–µ–Ω—Ç–∏—Ñ–∏–∫–∞—Ç–æ—Ä—ã —Å–±—Ä–æ—à–µ–Ω—ã
2023-12-24 01:00:05 INFO  Main:141 - –í–æ–∑–Ω–∏–∫–ª–∞ –æ—à–∏–±–∫–∞ –ø—Ä–∏ –∑–∞–≥—Ä—É–∑–∫–µ –¥–∞–Ω–Ω—ã—Ö –≤ –ë–î
2023-12-24 01:01:41 INFO  Main:189 - –ü–æ–¥–∫–ª—é—á–µ–Ω–∏–µ –∫ –ë–î —É—Å–ø–µ—à–Ω–æ –≤—ã–ø–æ–ª–Ω–µ–Ω–æ
2023-12-24 01:01:47 INFO  Main:138 - –ó–∞–ø–∏—Å–∏ –≤—ã–≥—Ä—É–∂–µ–Ω—ã –≤ –ë–î
2023-12-24 01:01:47 INFO  Main:214 - –î–∞–Ω–Ω—ã–µ –±—ã–ª–∏ –æ—á–∏—â–µ–Ω—ã –ø–µ—Ä–µ–¥ –∑–∞–≥—Ä—É–∑–∫–æ–π –∏–∑ –ë–î. –ò–¥–µ–Ω—Ç–∏—Ñ–∏–∫–∞—Ç–æ—Ä—ã —Å–±—Ä–æ—à–µ–Ω—ã
2023-12-24 01:01:47 INFO  Main:141 - –í–æ–∑–Ω–∏–∫–ª–∞ –æ—à–∏–±–∫–∞ –ø—Ä–∏ –∑–∞–≥—Ä—É–∑–∫–µ –¥–∞–Ω–Ω—ã—Ö –≤ –ë–î
2023-12-24 01:02:29 INFO  Main:189 - –ü–æ–¥–∫–ª—é—á–µ–Ω–∏–µ –∫ –ë–î —É—Å–ø–µ—à–Ω–æ –≤—ã–ø–æ–ª–Ω–µ–Ω–æ
2023-12-24 01:02:34 INFO  Main:114 - –ó–∞–ø–∏—Å–∏ –±—ã–ª–∏ –ø—Ä–æ—Å–º–æ—Ç—Ä–µ–Ω—ã
2023-12-24 01:02:50 INFO  Main:99 - –ë—ã–ª–∞ –¥–æ–±–∞–≤–ª–µ–Ω–∞ –Ω–æ–≤–∞—è –∑–∞–ø–∏—Å—å –≤ —Ñ–∞–π–ª
2023-12-24 01:02:54 INFO  Main:114 - –ó–∞–ø–∏—Å–∏ –±—ã–ª–∏ –ø—Ä–æ—Å–º–æ—Ç—Ä–µ–Ω—ã
2023-12-24 01:03:02 INFO  Main:138 - –ó–∞–ø–∏—Å–∏ –≤—ã–≥—Ä—É–∂–µ–Ω—ã –≤ –ë–î
2023-12-24 01:03:02 INFO  Main:141 - –í–æ–∑–Ω–∏–∫–ª–∞ –æ—à–∏–±–∫–∞ –ø—Ä–∏ –∑–∞–≥—Ä—É–∑–∫–µ –¥–∞–Ω–Ω—ã—Ö –≤ –ë–î
2023-12-24 01:04:25 INFO  Main:189 - –ü–æ–¥–∫–ª—é—á–µ–Ω–∏–µ –∫ –ë–î —É—Å–ø–µ—à–Ω–æ –≤—ã–ø–æ–ª–Ω–µ–Ω–æ
2023-12-24 01:04:30 INFO  Main:114 - –ó–∞–ø–∏—Å–∏ –±—ã–ª–∏ –ø—Ä–æ—Å–º–æ—Ç—Ä–µ–Ω—ã
2023-12-24 01:05:47 INFO  Main:189 - –ü–æ–¥–∫–ª—é—á–µ–Ω–∏–µ –∫ –ë–î —É—Å–ø–µ—à–Ω–æ –≤—ã–ø–æ–ª–Ω–µ–Ω–æ
2023-12-24 01:07:43 INFO  Main:189 - –ü–æ–¥–∫–ª—é—á–µ–Ω–∏–µ –∫ –ë–î —É—Å–ø–µ—à–Ω–æ –≤—ã–ø–æ–ª–Ω–µ–Ω–æ
2023-12-24 01:07:47 INFO  Main:138 - –ó–∞–ø–∏—Å–∏ –≤—ã–≥—Ä—É–∂–µ–Ω—ã –≤ –ë–î
2023-12-24 01:07:47 INFO  Main:141 - –í–æ–∑–Ω–∏–∫–ª–∞ –æ—à–∏–±–∫–∞ –ø—Ä–∏ –∑–∞–≥—Ä—É–∑–∫–µ –¥–∞–Ω–Ω—ã—Ö –≤ –ë–î
2023-12-24 22:22:23 INFO  Main:189 - –ü–æ–¥–∫–ª—é—á–µ–Ω–∏–µ –∫ –ë–î —É—Å–ø–µ—à–Ω–æ –≤—ã–ø–æ–ª–Ω–µ–Ω–æ
2023-12-24 22:22:47 INFO  Main:99 - –ë—ã–ª–∞ –¥–æ–±–∞–≤–ª–µ–Ω–∞ –Ω–æ–≤–∞—è –∑–∞–ø–∏—Å—å –≤ —Ñ–∞–π–ª
2023-12-24 22:22:51 INFO  Main:114 - –ó–∞–ø–∏—Å–∏ –±—ã–ª–∏ –ø—Ä–æ—Å–º–æ—Ç—Ä–µ–Ω—ã
2023-12-24 22:23:06 INFO  Main:104 - –ó–∞–ø–∏—Å—å –±—ã–ª–∞ —É–¥–∞–ª–µ–Ω–∞ –∏–∑ —Ñ–∞–π–ª–∞
2023-12-24 22:23:10 INFO  Main:114 - –ó–∞–ø–∏—Å–∏ –±—ã–ª–∏ –ø—Ä–æ—Å–º–æ—Ç—Ä–µ–Ω—ã
2023-12-24 22:23:21 INFO  Main:119 - –í—ã–ø–æ–ª–Ω–µ–Ω–∞ –≥–µ–Ω–µ—Ä–∞—Ü–∏—è PDF –¥–æ–∫—É–º–µ–Ω—Ç–∞
2023-12-24 22:26:11 INFO  Main:189 - –ü–æ–¥–∫–ª—é—á–µ–Ω–∏–µ –∫ –ë–î —É—Å–ø–µ—à–Ω–æ –≤—ã–ø–æ–ª–Ω–µ–Ω–æ
2023-12-24 22:26:18 INFO  Main:138 - –ó–∞–ø–∏—Å–∏ –≤—ã–≥—Ä—É–∂–µ–Ω—ã –≤ –ë–î
2023-12-24 22:26:18 INFO  Main:141 - –í–æ–∑–Ω–∏–∫–ª–∞ –æ—à–∏–±–∫–∞ –ø—Ä–∏ –∑–∞–≥—Ä—É–∑–∫–µ –¥–∞–Ω–Ω—ã—Ö –≤ –ë–î
2023-12-24 22:28:25 INFO  Main:189 - –ü–æ–¥–∫–ª—é—á–µ–Ω–∏–µ –∫ –ë–î —É—Å–ø–µ—à–Ω–æ –≤—ã–ø–æ–ª–Ω–µ–Ω–æ
2023-12-24 22:28:29 INFO  Main:138 - –ó–∞–ø–∏—Å–∏ –≤—ã–≥—Ä—É–∂–µ–Ω—ã –≤ –ë–î
2023-12-24 22:28:29 INFO  Main:213 - –î–∞–Ω–Ω—ã–µ –±—ã–ª–∏ –æ—á–∏—â–µ–Ω—ã –ø–µ—Ä–µ–¥ –∑–∞–≥—Ä—É–∑–∫–æ–π –∏–∑ –ë–î. Consumer_id_seq –±—ã–ª –æ–±–Ω–æ–≤–ª—ë–Ω
2023-12-24 22:28:45 INFO  Main:205 - –í—ã–ø–æ–ª–Ω–µ–Ω SELECT –∑–∞–ø—Ä–æ—Å
2023-12-24 22:28:45 INFO  Main:128 - –ó–∞–ø–∏—Å–∏ –∑–∞–≥—Ä—É–∂–µ–Ω—ã –∏–∑ –ë–î
2023-12-24 22:28:48 INFO  Main:114 - –ó–∞–ø–∏—Å–∏ –±—ã–ª–∏ –ø—Ä–æ—Å–º–æ—Ç—Ä–µ–Ω—ã
