2023-10-29 22:18:09 INFO  Main:188 - Подключение к БД успешно выполнено
2023-10-29 22:18:13 INFO  Main:114 - Записи были просмотрены
2023-10-29 22:18:20 INFO  Main:114 - Записи были просмотрены
2023-10-29 22:18:27 INFO  Main:99 - Была добавлена новая запись в файл
2023-10-29 22:18:32 INFO  Main:99 - Была добавлена новая запись в файл
2023-10-29 22:18:34 INFO  Main:114 - Записи были просмотрены
2023-10-29 22:18:41 INFO  Main:119 - Выполнена генерация PDF документа
2023-10-29 22:20:39 INFO  Main:188 - Подключение к БД успешно выполнено
2023-10-29 22:20:45 INFO  Main:119 - Выполнена генерация PDF документа
2023-10-29 22:21:06 INFO  Main:188 - Подключение к БД успешно выполнено
2023-10-29 22:21:13 INFO  Main:119 - Выполнена генерация PDF документа
2023-10-29 22:21:32 INFO  Main:188 - Подключение к БД успешно выполнено
2023-10-29 22:21:37 INFO  Main:188 - Подключение к БД успешно выполнено
2023-10-29 22:21:41 INFO  Main:119 - Выполнена генерация PDF документа
2023-10-29 22:21:52 WARN  PDPageContentStream:129 - You are overwriting an existing content, you should use the append mode
2023-10-29 22:21:55 INFO  Main:188 - Подключение к БД успешно выполнено
2023-10-29 22:22:01 INFO  Main:119 - Выполнена генерация PDF документа
2023-10-29 22:22:30 INFO  Main:188 - Подключение к БД успешно выполнено
2023-10-29 22:22:38 INFO  Main:188 - Подключение к БД успешно выполнено
2023-10-29 22:22:42 INFO  Main:119 - Выполнена генерация PDF документа
2023-10-29 22:23:47 INFO  Main:188 - Подключение к БД успешно выполнено
2023-10-29 22:23:55 INFO  Main:188 - Подключение к БД успешно выполнено
2023-10-29 22:24:00 INFO  Main:119 - Выполнена генерация PDF документа
2023-10-29 22:25:05 INFO  Main:188 - Подключение к БД успешно выполнено
2023-10-29 22:25:12 INFO  Main:119 - Выполнена генерация PDF документа
2023-10-29 22:25:17 WARN  PDPageContentStream:129 - You are overwriting an existing content, you should use the append mode
2023-10-29 22:25:20 INFO  Main:188 - Подключение к БД успешно выполнено
2023-10-29 22:25:24 INFO  Main:119 - Выполнена генерация PDF документа
2023-10-29 22:26:37 INFO  Main:188 - Подключение к БД успешно выполнено
2023-10-29 22:26:38 INFO  Main:188 - Подключение к БД успешно выполнено
2023-10-29 22:26:42 INFO  Main:119 - Выполнена генерация PDF документа
2023-10-29 22:26:48 WARN  PDPageContentStream:129 - You are overwriting an existing content, you should use the append mode
2023-10-29 22:26:55 INFO  Main:188 - Подключение к БД успешно выполнено
2023-10-29 22:26:59 INFO  Main:119 - Выполнена генерация PDF документа
2023-10-29 22:27:57 INFO  Main:188 - Подключение к БД успешно выполнено
2023-10-29 22:28:26 INFO  Main:189 - Подключение к БД успешно выполнено
2023-10-29 22:33:10 INFO  Main:189 - Подключение к БД успешно выполнено
2023-10-29 22:33:15 INFO  Main:189 - Подключение к БД успешно выполнено
2023-10-29 22:33:24 INFO  Main:115 - Записи были просмотрены
2023-10-29 22:33:27 INFO  Main:120 - Выполнена генерация PDF документа
2023-10-29 22:35:49 INFO  Main:189 - Подключение к БД успешно выполнено
2023-10-29 22:35:53 INFO  Main:120 - Выполнена генерация PDF документа
2023-10-29 22:36:14 INFO  Main:189 - Подключение к БД успешно выполнено
2023-10-29 22:37:17 INFO  Main:120 - Выполнена генерация PDF документа
2023-10-29 22:37:28 INFO  Main:189 - Подключение к БД успешно выполнено
2023-10-29 22:37:31 INFO  Main:120 - Выполнена генерация PDF документа
2023-10-29 22:37:36 WARN  PDPageContentStream:129 - You are overwriting an existing content, you should use the append mode
2023-10-29 22:37:41 INFO  Main:189 - Подключение к БД успешно выполнено
2023-10-29 22:37:44 INFO  Main:120 - Выполнена генерация PDF документа
2023-10-29 22:38:14 INFO  Main:189 - Подключение к БД успешно выполнено
2023-10-29 22:38:20 INFO  Main:189 - Подключение к БД успешно выполнено
2023-10-29 22:38:24 INFO  Main:120 - Выполнена генерация PDF документа
2023-10-29 22:58:46 INFO  Main:188 - Подключение к БД успешно выполнено
2023-10-29 22:58:50 INFO  Main:119 - Выполнена генерация PDF документа
2023-10-29 22:58:59 INFO  Main:114 - Записи были просмотрены
2023-10-29 22:59:15 INFO  Main:99 - Была добавлена новая запись в файл
2023-10-29 22:59:27 INFO  Main:104 - Запись была удалена из файла
2023-10-29 22:59:34 INFO  Main:204 - Выполнен SELECT запрос
2023-10-29 22:59:34 INFO  Main:128 - Записи выгружены из БД
2023-10-29 22:59:36 INFO  Main:114 - Записи были просмотрены
2023-10-30 13:38:59 INFO  Main:188 - Подключение к БД успешно выполнено
2023-10-30 13:39:26 INFO  Main:99 - Была добавлена новая запись в файл
2023-10-30 13:39:30 INFO  Main:114 - Записи были просмотрены
2023-10-30 13:39:52 INFO  Main:145 - Программа завершила работу
2023-10-30 13:39:56 INFO  Main:188 - Подключение к БД успешно выполнено
2023-10-30 13:45:53 INFO  Main:188 - Подключение к БД успешно выполнено
2023-10-30 13:45:59 INFO  Main:204 - Выполнен SELECT запрос
2023-10-30 13:45:59 INFO  Main:128 - Записи выгружены из БД
2023-10-30 13:46:00 INFO  Main:114 - Записи были просмотрены
2023-10-30 13:46:06 INFO  Main:119 - Выполнена генерация PDF документа
2023-11-01 21:02:31 INFO  Main:188 - Подключение к БД успешно выполнено
2023-11-01 21:02:37 INFO  Main:204 - Выполнен SELECT запрос
2023-11-01 21:02:37 INFO  Main:128 - Записи выгружены из БД
2023-11-01 21:08:31 INFO  Main:188 - Подключение к БД успешно выполнено
